<?xml version="1.0" encoding="UTF-8"?>
<testsuites name="Mocha Tests" time="1.9230" tests="2" failures="0">
  <testsuite name="Root Suite" timestamp="2022-04-14T03:37:40" tests="0" time="0.0000" failures="0">
  </testsuite>
  <testsuite name="/GET Books" timestamp="2022-04-14T03:37:40" tests="1" file="E:\github\actyv\test\books.test.js" time="0.0300" failures="0">
    <testcase name="/GET Books it should return string `respond with a resource`" time="0.0280" classname="it should return string `respond with a resource`">
    </testcase>
  </testsuite>
  <testsuite name="/GET virtual" timestamp="2022-04-14T03:37:40" tests="1" file="E:\github\actyv\test\users.test.js" time="1.8920" failures="0">
    <testcase name="/GET virtual it should GET all users first name and last name" time="1.8900" classname="it should GET all users first name and last name">
    </testcase>
  </testsuite>
</testsuites>